{
  "Es sind nicht die glücklichen Menschen, die dankbar sind. Es sind die dankbaren Menschen, die glücklich sind.": "2025-07-08T10:10:14.704324",
  "Wir können den Wind nicht ändern, aber die Segel anders setzen.": "2025-07-08T10:10:21.031579",
  "Wahre Nähe beginnt dort, wo wir uns trauen, unsere Gefühle zu zeigen.": "2025-07-08T10:14:48.532782",
  "Ich bin wie ein guter Wein. Ich werde nicht älter, ich werde besser.": "2025-07-08T10:36:28.288059",
  "Ich bin nicht unzuverlässig. Ich bin nur sehr unabhängig.": "2025-07-08T10:36:30.168848",
  "Thema: Die Zukunft des Buches. Wird das gedruckte Buch vom E-Book verdrängt?": "2025-07-08T10:36:41.272642",
  "Wusstest du, dass das menschliche Herz in einem durchschnittlichen Leben etwa 3 Milliarden Mal schlägt?": "2025-07-08T11:35:48.256229",
  "Ich will dich nicht für den Moment, ich will dich für immer": "2025-07-08T11:43:41.573655",
  "Was war dein größter „Aha“-Moment": "2025-07-08T11:44:06.563072",
  "Ich liebe dich, ohne es erklären zu können": "2025-07-08T11:44:07.995503",
  "Was wäre dein Traumziel für eine Weltreise": "2025-07-08T11:44:08.770489",
  "Glück ist oft nur ein kleiner Moment, aber die Erinnerung daran ist unendlich.": "2025-07-08T11:44:35.874690",
  "Thema: Schönheitsoperationen. Ein Akt der Selbstliebe oder ein problematischer Druck zur Perfektion?": "2025-07-08T11:45:26.285239",
  "Was bedeutet Freundlichkeit in deinem Alltag": "2025-07-08T11:45:27.686872",
  "Wusstest du, dass die Wahrscheinlichkeit, von einem Automaten getötet zu werden, höher ist als von einem Hai?": "2025-07-08T11:45:28.484747",
  "Ich liebe deine Schwächen, weil sie dich menschlich machen": "2025-07-08T11:55:16.338408",
  "Wer würde gerne in Spanien leben und warum": "2025-07-08T11:55:39.092829",
  "Wie sähe dein Leben aus, wenn du keine Angst hättest": "2025-07-08T11:55:50.185906",
  "Die Art, wie sie dich behandeln, ist ein Spiegelbild ihres Charakters, nicht deines Wertes.": "2025-07-08T12:01:37.356329",
  "Nicht jeder, der dir recht gibt, meint es ehrlich.": "2025-07-08T12:10:55.834732",
  "Hund oder Katze – für immer nur eins": "2025-07-08T12:10:57.057199",
  "Burnout ist das Ergebnis, wenn die Diskrepanz zwischen dem, wer du bist, und dem, was du tust, zu groß wird.": "2025-07-08T12:10:57.755550",
  "Wusstest du, dass die erste Person, die wegen zu schnellen Fahrens bestraft wurde, im Jahr 1896 mit 13 km/h unterwegs war?": "2025-07-08T12:50:02.794824",
  "Woran denkst du, wenn du das Wort Heimat hörst": "2025-07-08T12:53:12.580224",
  "Was würdest du deinem jüngeren Ich sagen": "2025-07-08T12:53:15.838375",
  "Wer Rückgrat zeigt, geht vielleicht nicht den einfachsten Weg – aber den aufrichtigsten.": "2025-07-08T12:53:25.086712",
  "Thema: Sollte es ein Verfallsdatum für politische Ämter geben (Amtszeitbegrenzung)?": "2025-07-08T12:53:34.222230",
  "Handy: Ihr letzter Chat-Verlauf endete mit einem \"Gesehen\"-Häkchen. Das war die leiseste und zugleich lauteste Form des Abschieds.": "2025-07-08T12:53:40.944160",
  "Manchmal musst du das Kapitel schließen, auch wenn du das Buch liebst.": "2025-07-08T12:55:21.852905",
  "Mit dir ist selbst das Warten ein Geschenk": "2025-07-08T13:03:16.983441",
  "Deine Liebe ist mein größtes Abenteuer": "2025-07-08T13:03:20.895042",
  "Ich bin allergisch gegen dumme Fragen.": "2025-07-08T13:03:22.887298",
  "Wusstest du, dass ein Faultier bis zu 40 Minuten unter Wasser die Luft anhalten kann?": "2025-07-08T13:03:27.875739",
  "Du bist mein Frieden inmitten des Lärms": "2025-07-08T13:03:38.140535",
  "Ein Mensch, der dich wirklich liebt, würde dich niemals dazu bringen, an deinem eigenen Wert zu zweifeln.": "2025-07-08T13:03:39.664216",
  "Thema: Ist es vertretbar, Kinderfotos in sozialen Medien zu posten?": "2025-07-08T13:06:00.202768",
  "Mit dir vergeht die Zeit wie im Flug": "2025-07-08T13:06:20.227537",
  "Das Geheimnis des Glücks liegt nicht im Besitz, sondern im Geben.": "2025-07-08T13:06:21.322027",
  "Thema: Ist ein Monat kompletter Social-Media-Verzicht (Digital Detox) heilsam?": "2025-07-08T13:06:22.252703",
  "Thema: Sollte es eine \"Reichensteuer\" geben, um soziale Ungerechtigkeit zu verringern?": "2025-07-08T13:10:45.758838",
  "Was bedeutet für dich wahre Liebe": "2025-07-08T13:11:13.695006",
  "Du hast mein Herz gestohlen, ohne es zurückzugeben": "2025-07-08T13:18:50.321596",
  "Wie viele Tage hat der Februar in einem Schaltjahr": "2025-07-08T20:40:17.190964",
  "Zeit heilt nicht alle Wunden – aber sie lehrt uns, mit Narben zu leben.": "2025-07-08T22:19:12.471344",
  "Ich bin nicht unordentlich. Ich bin nur sehr kreativ.": "2025-07-08T22:19:38.386589",
  "Ich bin die Chefin meiner eigenen kleinen Welt.": "2025-07-08T22:22:44.784272",
  "Thema: Ist die Besiedlung des Mars eine realistische Zukunftsvision oder Geldverschwendung?": "2025-07-08T22:25:15.698527",
  "Du bist nicht gescheitert. Du hast dich befreit.": "2025-07-08T22:25:39.161623",
  "Wusstest du, dass das Alphabet in Hawaii nur 12 Buchstaben hat?": "2025-07-08T22:27:52.359773",
  "Du bist der Grund, warum ich an Liebe glaube": "2025-07-08T22:27:54.695811",
  "Es ist leicht, freundlich zu sein, wenn alles gut läuft – entscheidend ist dein Verhalten, wenn es das nicht tut.": "2025-07-08T22:48:06.618539",
  "Was ist für dich ein absolutes No-Go in einer Beziehung": "2025-07-08T22:48:33.872487",
  "Was würdest du tun, wenn du alle Zeit der Welt hättest": "2025-07-09T18:47:17.727267",
  "Was war der schönste Moment in deiner Schulzeit": "2025-07-09T18:47:28.557944",
  "Was war dein größter Erfolg im letzten Jahr": "2025-07-09T18:47:36.689317",
  "Ich würde ja aus meinen Fehlern lernen, aber ich habe Angst, dass ich dann keine mehr mache.": "2025-07-09T18:52:31.414537",
  "Manche Tage sind einfach nur dazu da, um sie zu überleben.": "2025-07-09T18:52:42.341164",
  "Ich bin nicht unvernünftig. Ich bin nur sehr leidenschaftlich.": "2025-07-09T18:52:52.792239",
  "Zwischen Reaktion und Handlung liegt ein Raum. In diesem Raum liegt unsere Macht zur Entscheidung.": "2025-07-09T18:55:16.418006",
  "Sei du selbst die Veränderung, die du dir wünschst für diese Welt.": "2025-07-09T18:55:33.362766",
  "Nicht jede bittere Wahrheit ist schlecht – manchmal ist sie der Anfang von Freiheit.": "2025-07-09T18:55:53.593862",
  "Das Leben ist zu kurz für 'irgendwann'.": "2025-07-09T19:37:32.766086",
  "Das Schicksal hat gewählt: Krebs, Wassermann und Fische müssen heute einen Parkschein für ein fremdes Auto ziehen, der kurz vor dem Ablaufen ist.": "2025-07-10T22:45:25.571870",
  "Die kosmische Aufgabe für Widder, Zwillinge, Jungfrau, Skorpion, Wassermann und Stier: Lernt einen einfachen Kartentrick und führt ihn euren Kollegen vor.": "2025-07-10T22:45:40.287375",
  "Stier, Zwillinge, Krebs, Löwe, Jungfrau, Waage und Skorpion: Veranstaltet einen \"Tag der offenen Tür\" in eurer Abteilung, um anderen Kollegen eure Arbeit näherzubringen.": "2025-07-10T22:45:51.050028",
  "Stier, Zwillinge, Krebs, Löwe und Jungfrau: Erstellt eine Liste der besten Podcasts für die Mittagspause und teilt sie.": "2025-07-10T22:46:00.474640",
  "Geduld ist nicht die Fähigkeit zu warten, sondern die Fähigkeit, beim Warten ruhig zu bleiben.": "2025-07-11T10:02:30.605058",
  "Lieben es, zu debattieren und Dinge aus allen möglichen Perspektiven zu betrachten: ZWILLINGE, WAAGE, WASSERMANN, SCHÜTZE": "2025-07-11T11:53:29.879741",
  "Manchmal ist es die Person, von der niemand etwas erwartet, die Dinge tut, die sich niemand vorstellen kann.": "2025-07-11T12:23:18.271003",
  "Können sich stundenlang über die Inkompetenz anderer aufregen: JUNGFRAU, STEINBOCK, LÖWE, WIDDER": "2025-07-11T12:32:31.877019",
  "Ihre Art, \"Es tut mir leid\" zu sagen, ist ein Witz, um die Stimmung aufzulockern: ZWILLINGE, SCHÜTZE": "2025-07-11T14:51:28.783564",
  "Würden eher eine Nacht durchmachen, als eine Aufgabe unerledigt ins Bett zu bringen: JUNGFRAU, STEINBOCK, WIDDER": "2025-07-11T14:52:24.140464",
  "Können stundenlang in einem Buchladen stöbern und mit einem Stapel Bücher herauskommen: \nFISCHE, JUNGFRAU, \nWASSERMANN, WAAGE": "2025-07-11T14:52:55.063898",
  "Sind extrem selbstkritisch und ihr größter Feind sind oft sie selbst: JUNGFRAU, STEINBOCK, KREBS": "2025-07-11T14:53:07.822172",
  "Wenn du nicht weißt, was du willst, wirst du am Ende das bekommen, was andere für dich übrig lassen.": "2025-07-11T14:55:48.139060",
  "Die Kunst des Lebens ist, zu wissen, wann man festhalten und wann man loslassen muss.": "2025-07-11T14:56:01.240317",
  "Es gibt eine unbezahlbare Eleganz darin, auch nach Enttäuschungen ein gutes Herz zu bewahren.": "2025-07-11T14:56:11.338640",
  "Die größte Form der Liebe ist es, jemanden wachsen zu sehen und ihn dabei zu unterstützen.": "2025-07-11T14:56:22.844298",
  "Ein Wort kann eine Wunde schlagen oder ein Herz heilen. Wähle deine Worte weise.": "2025-07-11T14:57:03.245320",
  "Wer die Kunst des Verzeihens beherrscht, befreit seine eigene Seele.": "2025-07-11T14:58:37.591749",
  "Ein König oder eine Königin verbeugt sich nur, um einem gefallenen Krieger aufzuhelfen.": "2025-07-11T14:58:49.825999",
  "Ein Labyrinth ist kein Hindernis, sondern eine Herausforderung, den richtigen Weg zu finden.": "2025-07-11T14:58:59.053077",
  "Manchmal ist es nicht die Last, die dich bricht, sondern die Art, wie du sie trägst.": "2025-07-11T14:59:27.030357",
  "Ein Tropfen im Ozean kann eine Welle auslösen.": "2025-07-11T14:59:34.953876",
  "Die stärksten Herzen haben die meisten Narben.": "2025-07-11T14:59:42.623483",
  "Manchmal ist die beste Rache, einfach glücklich zu sein und weiterzuziehen.": "2025-07-11T15:05:11.961274",
  "Ihre Worte waren wie Zucker, aber ihre Taten waren Gift.": "2025-07-11T15:05:19.898640",
  "Ein Narzisst wird dein Wasser vergiften und dich dann fragen, warum du durstig bist.": "2025-07-11T15:05:34.566470",
  "Manche Menschen sind wie Wolken. Wenn sie verschwinden, wird der Tag schöner.": "2025-07-12T10:14:49.444606",
  "Ich brauche keine Therapie, ich muss nur nach Italien.": "2025-07-12T10:15:00.549304",
  "Ich bin die Art von Frau, die aus dem Rahmen fällt. Und zwar mit Absicht.": "2025-07-12T10:15:11.942257",
  "Mein Mittelfinger ist nur der kleine Bruder meiner Meinung.": "2025-07-12T10:15:28.574572",
  "Ich bin kein Engel. Aber ich kann dir die Hölle heiß machen.": "2025-07-12T10:15:43.057495",
  "Ich bin nicht unentschlossen. Ich bin nur sehr flexibel.": "2025-07-12T10:15:50.850542",
  "Ich habe keine Zeit für Gerüchte. Ich bin zu sehr damit beschäftigt, die Hauptperson zu sein.": "2025-07-12T10:16:01.670615",
  "Meine Stimmung hat heute die emotionale Reichweite eines Teelöffels.": "2025-07-12T10:16:12.579685",
  "Ich bin nicht kleinlich. Ich bin detailverliebt.": "2025-07-12T10:16:56.717292"
}